2020-03-10 16:01:35,319 - ERROR - Response code: 503, Response text: <html><body><h1>503 Service Unavailable</h1>
No server is available to handle this request.
</body></html>
, <class 'json.decoder.JSONDecodeError'>, news_scraper.py, 49
2020-03-10 16:15:38,587 - ERROR - Response code: 503, Response text: <html><body><h1>503 Service Unavailable</h1>
No server is available to handle this request.
</body></html>
, <class 'json.decoder.JSONDecodeError'>, news_scraper.py, 49
2020-03-10 16:18:16,792 - ERROR - Response code: 504, Response text: <html><body><h1>504 Gateway Time-out</h1>
The server didn't respond in time.
</body></html>
, <class 'json.decoder.JSONDecodeError'>, news_scraper.py, 49
2020-03-10 16:18:34,381 - ERROR - Response code: 503, Response text: <html><body><h1>503 Service Unavailable</h1>
No server is available to handle this request.
</body></html>
, <class 'json.decoder.JSONDecodeError'>, news_scraper.py, 49
2020-03-10 16:19:10,556 - ERROR - Response code: 504, Response text: <html><body><h1>504 Gateway Time-out</h1>
The server didn't respond in time.
</body></html>
, <class 'json.decoder.JSONDecodeError'>, news_scraper.py, 49
2020-03-10 16:31:47,798 - ERROR - Response code: 504, Response text: <html><body><h1>504 Gateway Time-out</h1>
The server didn't respond in time.
</body></html>
, <class 'json.decoder.JSONDecodeError'>, news_scraper.py, 49
2020-03-10 16:32:55,066 - ERROR - Response code: 504, Response text: <html><body><h1>504 Gateway Time-out</h1>
The server didn't respond in time.
</body></html>
, <class 'json.decoder.JSONDecodeError'>, news_scraper.py, 49
2020-03-10 16:32:55,066 - ERROR - Response code: 504, Response text: <html><body><h1>504 Gateway Time-out</h1>
The server didn't respond in time.
</body></html>
, <class 'json.decoder.JSONDecodeError'>, news_scraper.py, 49
2020-03-10 16:34:09,910 - ERROR - Response code: 503, Response text: <html><body><h1>503 Service Unavailable</h1>
No server is available to handle this request.
</body></html>
, <class 'json.decoder.JSONDecodeError'>, news_scraper.py, 49
2020-03-10 16:34:09,910 - ERROR - Response code: 503, Response text: <html><body><h1>503 Service Unavailable</h1>
No server is available to handle this request.
</body></html>
, <class 'json.decoder.JSONDecodeError'>, news_scraper.py, 49
2020-03-10 16:34:09,910 - ERROR - Response code: 503, Response text: <html><body><h1>503 Service Unavailable</h1>
No server is available to handle this request.
</body></html>
, <class 'json.decoder.JSONDecodeError'>, news_scraper.py, 49
2020-03-11 19:58:08,311 - ERROR - Response code: 500, Response text: Invalid token, <class 'json.decoder.JSONDecodeError'>, news_scraper.py, 51
2020-03-11 19:58:12,265 - ERROR - Response code: 500, Response text: Invalid token, <class 'json.decoder.JSONDecodeError'>, news_scraper.py, 51
2020-03-11 19:58:13,397 - ERROR - Response code: 500, Response text: Invalid token, <class 'json.decoder.JSONDecodeError'>, news_scraper.py, 51
2020-03-11 19:58:55,130 - ERROR - Response code: 500, Response text: Invalid token, <class 'json.decoder.JSONDecodeError'>, news_scraper.py, 51
2020-03-11 19:59:47,613 - ERROR - Response code: 504, Response text: <html><body><h1>504 Gateway Time-out</h1>
The server didn't respond in time.
</body></html>
, <class 'json.decoder.JSONDecodeError'>, news_scraper.py, 51
